<?xml version="1.0" encoding="UTF-8"?>
<testsuite xmlns:xsi="http://www.w3.org/2001/XMLSchema-instance" xsi:noNamespaceSchemaLocation="https://maven.apache.org/surefire/maven-surefire-plugin/xsd/surefire-test-report.xsd" name="cl.kibernum.CanchaServiceTest" time="0.103" tests="5" errors="0" skipped="0" failures="0">
  <properties>
[...]
</properties>
  <testcase name="deberiaCrearReservaParaUnaCanchaDisponible" classname="cl.kibernum.CanchaServiceTest" time="0.071"/>
  <testcase name="deberiaContarReservasPorDia" classname="cl.kibernum.CanchaServiceTest" time="0.003"/>
  <testcase name="deberiaModificarUsuarioDeReserva" classname="cl.kibernum.CanchaServiceTest" time="0.001"/>
  <testcase name="deberiaCancelarReservaExistente" classname="cl.kibernum.CanchaServiceTest" time="0.003"/>
  <testcase name="deberiaRegistrarCancha" classname="cl.kibernum.CanchaServiceTest" time="0.002"/>
</testsuite>